<?xml version="1.0" encoding="UTF-8"?>
<!-- Generated by org.testng.reporters.JUnitReportReporter -->
<testsuite hostname="LAPTOP-4P9SU403" failures="0" tests="1" name="runner.TestRunner" time="2.040" errors="1" timestamp="2023-08-27T00:31:23 CDT" skipped="0">
  <testcase classname="runner.TestRunner" name="setUpClass" time="2.040">
    <error message="&#039;org.openqa.selenium.manager.SeleniumManagerOutput$Result org.openqa.selenium.remote.service.DriverFinder.getPath(org.openqa.selenium.remote.service.DriverService, org.openqa.selenium.Capabilities)&#039;" type="java.lang.NoSuchMethodError">
      <![CDATA[java.lang.NoSuchMethodError: 'org.openqa.selenium.manager.SeleniumManagerOutput$Result org.openqa.selenium.remote.service.DriverFinder.getPath(org.openqa.selenium.remote.service.DriverService, org.openqa.selenium.Capabilities)'
at org.openqa.selenium.chrome.ChromeDriver.generateExecutor(ChromeDriver.java:99)
at org.openqa.selenium.chrome.ChromeDriver.<init>(ChromeDriver.java:88)
at org.openqa.selenium.chrome.ChromeDriver.<init>(ChromeDriver.java:83)
at org.openqa.selenium.chrome.ChromeDriver.<init>(ChromeDriver.java:51)
at factory.DriverFactory.initializeDrivers(DriverFactory.java:25)
at myHooks.Hooks.before(Hooks.java:36)
]]>
    </error>
  </testcase> <!-- setUpClass -->
</testsuite> <!-- runner.TestRunner -->
